<?xml version="1.0" encoding="UTF-8"?>
<testng-results ignored="0" total="1" passed="0" failed="1" skipped="0">
  <reporter-output>
  </reporter-output>
  <suite started-at="2022-07-29T07:20:20Z" name="Default suite" finished-at="2022-07-29T07:21:12Z" duration-ms="51935">
    <groups>
    </groups>
    <test started-at="2022-07-29T07:20:20Z" name="Default test" finished-at="2022-07-29T07:21:12Z" duration-ms="51935">
      <class name="com.aajtak.android.AppLaunch.TC_AT_AppLaunch_001">
        <test-method is-config="true" signature="fileConfiguration()[pri:0, instance:com.aajtak.android.AppLaunch.TC_AT_AppLaunch_001@42b02722]" started-at="2022-07-29T07:20:19Z" name="fileConfiguration" finished-at="2022-07-29T07:20:20Z" duration-ms="10" status="PASS">
          <reporter-output>
          </reporter-output>
        </test-method> <!-- fileConfiguration -->
        <test-method is-config="true" signature="startServer()[pri:0, instance:com.aajtak.android.AppLaunch.TC_AT_AppLaunch_001@42b02722]" started-at="2022-07-29T07:20:20Z" name="startServer" finished-at="2022-07-29T07:20:20Z" duration-ms="67" status="PASS">
          <reporter-output>
          </reporter-output>
        </test-method> <!-- startServer -->
        <test-method is-config="true" signature="loadLog4j()[pri:0, instance:com.aajtak.android.AppLaunch.TC_AT_AppLaunch_001@42b02722]" started-at="2022-07-29T07:20:20Z" name="loadLog4j" finished-at="2022-07-29T07:20:20Z" duration-ms="4" status="PASS">
          <reporter-output>
          </reporter-output>
        </test-method> <!-- loadLog4j -->
        <test-method is-config="true" signature="setUp()[pri:0, instance:com.aajtak.android.AppLaunch.TC_AT_AppLaunch_001@42b02722]" started-at="2022-07-29T07:20:20Z" name="setUp" finished-at="2022-07-29T07:20:36Z" duration-ms="16708" status="PASS">
          <reporter-output>
          </reporter-output>
        </test-method> <!-- setUp -->
        <test-method signature="AT_AppLaunch_001()[pri:1, instance:com.aajtak.android.AppLaunch.TC_AT_AppLaunch_001@42b02722]" started-at="2022-07-29T07:20:36Z" name="AT_AppLaunch_001" description="Description: Verify that user is able to view the first onboarding screen with Shuru Karien button when user launch the App." finished-at="2022-07-29T07:21:11Z" duration-ms="34178" status="FAIL">
          <exception class="java.lang.AssertionError">
            <message>
              <![CDATA[ The element is not Present : FAILED]]>
            </message>
            <full-stacktrace>
              <![CDATA[java.lang.AssertionError:  The element is not Present : FAILED
at org.testng.Assert.fail(Assert.java:96)
at com.aajtak.android.init.BaseUtil.isElementExist(BaseUtil.java:370)
at com.aajtak.android.AppLaunch.TC_AT_AppLaunch_001.AT_AppLaunch_001(TC_AT_AppLaunch_001.java:25)
at java.base/jdk.internal.reflect.NativeMethodAccessorImpl.invoke0(Native Method)
at java.base/jdk.internal.reflect.NativeMethodAccessorImpl.invoke(NativeMethodAccessorImpl.java:62)
at java.base/jdk.internal.reflect.DelegatingMethodAccessorImpl.invoke(DelegatingMethodAccessorImpl.java:43)
at java.base/java.lang.reflect.Method.invoke(Method.java:566)
at org.testng.internal.MethodInvocationHelper.invokeMethod(MethodInvocationHelper.java:124)
at org.testng.internal.Invoker.invokeMethod(Invoker.java:583)
at org.testng.internal.Invoker.invokeTestMethod(Invoker.java:719)
at org.testng.internal.Invoker.invokeTestMethods(Invoker.java:989)
at org.testng.internal.TestMethodWorker.invokeTestMethods(TestMethodWorker.java:125)
at org.testng.internal.TestMethodWorker.run(TestMethodWorker.java:109)
at org.testng.TestRunner.privateRun(TestRunner.java:648)
at org.testng.TestRunner.run(TestRunner.java:505)
at org.testng.SuiteRunner.runTest(SuiteRunner.java:455)
at org.testng.SuiteRunner.runSequentially(SuiteRunner.java:450)
at org.testng.SuiteRunner.privateRun(SuiteRunner.java:415)
at org.testng.SuiteRunner.run(SuiteRunner.java:364)
at org.testng.SuiteRunnerWorker.runSuite(SuiteRunnerWorker.java:52)
at org.testng.SuiteRunnerWorker.run(SuiteRunnerWorker.java:84)
at org.testng.TestNG.runSuitesSequentially(TestNG.java:1208)
at org.testng.TestNG.runSuitesLocally(TestNG.java:1137)
at org.testng.TestNG.runSuites(TestNG.java:1049)
at org.testng.TestNG.run(TestNG.java:1017)
at org.testng.remote.AbstractRemoteTestNG.run(AbstractRemoteTestNG.java:115)
at org.testng.remote.RemoteTestNG.initAndRun(RemoteTestNG.java:251)
at org.testng.remote.RemoteTestNG.main(RemoteTestNG.java:77)
]]>
            </full-stacktrace>
          </exception> <!-- java.lang.AssertionError -->
          <reporter-output>
          </reporter-output>
        </test-method> <!-- AT_AppLaunch_001 -->
      </class> <!-- com.aajtak.android.AppLaunch.TC_AT_AppLaunch_001 -->
    </test> <!-- Default test -->
  </suite> <!-- Default suite -->
</testng-results>
